0 info it worked if it ends with ok
1 verbose cli [ '/usr/local/bin/node', '/usr/local/bin/npm', 'publish' ]
2 info using npm@2.9.1
3 info using node@v0.12.3
4 verbose publish [ '.' ]
5 silly cache add args [ '.', null ]
6 verbose cache add spec .
7 silly cache add parsed spec { raw: '.',
7 silly cache add   scope: null,
7 silly cache add   name: null,
7 silly cache add   rawSpec: '.',
7 silly cache add   spec: '/Users/krzysztofsztompka/Desktop/node/ruleaccess',
7 silly cache add   type: 'directory' }
8 verbose addLocalDirectory /Users/krzysztofsztompka/.npm/ruleaccess/0.0.2/package.tgz not in flight; packing
9 verbose tar pack [ '/Users/krzysztofsztompka/.npm/ruleaccess/0.0.2/package.tgz',
9 verbose tar pack   '/Users/krzysztofsztompka/Desktop/node/ruleaccess' ]
10 verbose tarball /Users/krzysztofsztompka/.npm/ruleaccess/0.0.2/package.tgz
11 verbose folder /Users/krzysztofsztompka/Desktop/node/ruleaccess
12 info prepublish ruleaccess@0.0.2
13 verbose addLocalTarball adding from inside cache /Users/krzysztofsztompka/.npm/ruleaccess/0.0.2/package.tgz
14 silly cache afterAdd ruleaccess@0.0.2
15 verbose afterAdd /Users/krzysztofsztompka/.npm/ruleaccess/0.0.2/package/package.json not in flight; writing
16 verbose afterAdd /Users/krzysztofsztompka/.npm/ruleaccess/0.0.2/package/package.json written
17 silly publish { name: 'ruleaccess',
17 silly publish   version: '0.0.2',
17 silly publish   description: 'ruleaccess - Rule Based Access Control module. Check user permission based on user data, rule, rule params and params in resource',
17 silly publish   main: 'index.js',
17 silly publish   scripts: { test: 'mocha --check-leaks test' },
17 silly publish   keywords:
17 silly publish    [ 'middleware',
17 silly publish      'acl',
17 silly publish      'active',
17 silly publish      'control',
17 silly publish      'list',
17 silly publish      'resources',
17 silly publish      'roles',
17 silly publish      'permissions' ],
17 silly publish   author: { name: 'Krzysztof Sztompka' },
17 silly publish   license: 'ISC',
17 silly publish   devDependencies: { chai: '^2.3.0', mocha: '^2.2.5' },
17 silly publish   readme: '# RuleAccess\n\nexample\n\n',
17 silly publish   readmeFilename: 'Readme.md',
17 silly publish   gitHead: '773951ba077e469ba22b7670411f1aef1598728c',
17 silly publish   _id: 'ruleaccess@0.0.2',
17 silly publish   _shasum: '2ea6914e33708d5055b7e0bcd6f38d9dbd8f24d0',
17 silly publish   _from: '.' }
18 verbose getPublishConfig undefined
19 silly mapToRegistry name ruleaccess
20 silly mapToRegistry using default registry
21 silly mapToRegistry registry https://registry.npmjs.org/
22 silly mapToRegistry uri https://registry.npmjs.org/ruleaccess
23 verbose publish registryBase https://registry.npmjs.org/
24 silly publish uploading /Users/krzysztofsztompka/.npm/ruleaccess/0.0.2/package.tgz
25 verbose request uri https://registry.npmjs.org/ruleaccess
26 verbose request sending authorization for write operation
27 info attempt registry request try #1 at 22:33:52
28 verbose request using bearer token for auth
29 verbose request id 0c7a54186abdf7a7
30 http request PUT https://registry.npmjs.org/ruleaccess
31 http 403 https://registry.npmjs.org/ruleaccess
32 verbose headers { 'content-type': 'application/json',
32 verbose headers   'cache-control': 'max-age=60',
32 verbose headers   'content-length': '95',
32 verbose headers   'accept-ranges': 'bytes',
32 verbose headers   date: 'Sun, 31 May 2015 20:34:20 GMT',
32 verbose headers   via: '1.1 varnish',
32 verbose headers   connection: 'keep-alive',
32 verbose headers   'x-served-by': 'cache-fra1234-FRA',
32 verbose headers   'x-cache': 'MISS',
32 verbose headers   'x-cache-hits': '0',
32 verbose headers   'x-timer': 'S1433104453.823969,VS0,VE6778' }
33 verbose request invalidating /Users/krzysztofsztompka/.npm/registry.npmjs.org/ruleaccess on PUT
34 error publish Failed PUT 403
35 verbose stack Error: "You cannot publish over the previously published version 0.0.2." : ruleaccess
35 verbose stack     at CachingRegistryClient.<anonymous> (/usr/local/lib/node_modules/npm/node_modules/npm-registry-client/lib/request.js:247:14)
35 verbose stack     at Request._callback (/usr/local/lib/node_modules/npm/node_modules/npm-registry-client/lib/request.js:170:14)
35 verbose stack     at Request.self.callback (/usr/local/lib/node_modules/npm/node_modules/request/request.js:368:22)
35 verbose stack     at Request.emit (events.js:110:17)
35 verbose stack     at Request.<anonymous> (/usr/local/lib/node_modules/npm/node_modules/request/request.js:1219:14)
35 verbose stack     at Request.emit (events.js:129:20)
35 verbose stack     at IncomingMessage.<anonymous> (/usr/local/lib/node_modules/npm/node_modules/request/request.js:1167:12)
35 verbose stack     at IncomingMessage.emit (events.js:129:20)
35 verbose stack     at _stream_readable.js:908:16
35 verbose stack     at process._tickCallback (node.js:355:11)
36 verbose statusCode 403
37 verbose pkgid ruleaccess
38 verbose cwd /Users/krzysztofsztompka/Desktop/node/ruleaccess
39 error Darwin 14.3.0
40 error argv "/usr/local/bin/node" "/usr/local/bin/npm" "publish"
41 error node v0.12.3
42 error npm  v2.9.1
43 error code E403
44 error "You cannot publish over the previously published version 0.0.2." : ruleaccess
45 error If you need help, you may report this error at:
45 error     <https://github.com/npm/npm/issues>
46 verbose exit [ 1, true ]
